action: py3.6, msg: installpkg
cwd: /home/appsec/Desktop/AppSec2
cmd: /home/appsec/Desktop/AppSec2/.tox/py3.6/bin/python -m pip install --exists-action w .tox/.tmp/package/1/my-tox-tested-package-0.0.1.zip
Processing ./.tox/.tmp/package/1/my-tox-tested-package-0.0.1.zip
Collecting Django>=1.11.0
  Using cached https://files.pythonhosted.org/packages/b2/79/df0ffea7bf1e02c073c2633702c90f4384645c40a1dd09a308e02ef0c817/Django-2.2.6-py3-none-any.whl
Collecting djangorestframework>=3.6.0
  Using cached https://files.pythonhosted.org/packages/33/8e/87a4e0025e3c4736c1dc728905b1b06a94968ce08de15304417acb40e374/djangorestframework-3.10.3-py3-none-any.whl
Collecting sqlparse
  Using cached https://files.pythonhosted.org/packages/ef/53/900f7d2a54557c6a37886585a91336520e5539e3ae2423ff1102daf4f3a7/sqlparse-0.3.0-py2.py3-none-any.whl
Collecting pytz
  Using cached https://files.pythonhosted.org/packages/e7/f9/f0b53f88060247251bf481fa6ea62cd0d25bf1b11a87888e53ce5b7c8ad2/pytz-2019.3-py2.py3-none-any.whl
Building wheels for collected packages: my-tox-tested-package
  Building wheel for my-tox-tested-package (setup.py): started
  Building wheel for my-tox-tested-package (setup.py): finished with status 'done'
  Created wheel for my-tox-tested-package: filename=my_tox_tested_package-0.0.1-cp36-none-any.whl size=4167 sha256=86c35b4a84d5ee1bae007dfb8d774ee5f142d0360b850e4b4a67fda692e14071
  Stored in directory: /home/appsec/.cache/pip/wheels/0d/da/cc/ed9bde2ef80cd526a40d3ad3c1d68d9bec3b3f9e1a4c175fbe
Successfully built my-tox-tested-package
Installing collected packages: sqlparse, pytz, Django, djangorestframework, my-tox-tested-package
  Found existing installation: my-tox-tested-package 0.0.1
    Not uninstalling my-tox-tested-package at /home/appsec/Desktop/AppSec2, outside environment /home/appsec/Desktop/AppSec2/.tox/py3.6
    Can't uninstall 'my-tox-tested-package'. No files were found to uninstall.
Successfully installed Django-2.2.6 djangorestframework-3.10.3 my-tox-tested-package-0.0.1 pytz-2019.3 sqlparse-0.3.0
WARNING: You are using pip version 19.3; however, version 19.3.1 is available.
You should consider upgrading via the 'pip install --upgrade pip' command.
