action: py3.5, msg: getenv
cwd: /home/appsec/Desktop/AppSec2
cmd: /home/appsec/Desktop/AppSec2/.tox/py3.5/bin/python -m pip install -rrequirements.txt
Collecting beautifulsoup4
  Downloading https://files.pythonhosted.org/packages/3b/c8/a55eb6ea11cd7e5ac4bacdf92bac4693b90d3ba79268be16527555e186f0/beautifulsoup4-4.8.1-py3-none-any.whl (101kB)
Collecting request
  Downloading https://files.pythonhosted.org/packages/f1/27/7cbde262d854aedf217061a97020d66a63163c5c04e0ec02ff98c5d8f44e/request-2019.4.13.tar.gz
Collecting requests
  Downloading https://files.pythonhosted.org/packages/51/bd/23c926cd341ea6b7dd0b2a00aba99ae0f828be89d72b2190f27c11d4b7fb/requests-2.22.0-py2.py3-none-any.whl (57kB)
Collecting astroid==1.6.5
  Using cached https://files.pythonhosted.org/packages/0e/9b/18b08991c8c6aaa827faf394f4468b8fee41db1f73aa5157f9f5fb2e69c3/astroid-1.6.5-py2.py3-none-any.whl
Collecting cairocffi==1.1.0
  Using cached https://files.pythonhosted.org/packages/f7/99/b3a2c6393563ccbe081ffcceb359ec27a6227792c5169604c1bd8128031a/cairocffi-1.1.0.tar.gz
Collecting cffi==1.12.3
  Using cached https://files.pythonhosted.org/packages/5f/bf/6aa1925384c23ffeb579e97a5569eb9abce41b6310b329352b8252cee1c3/cffi-1.12.3-cp36-cp36m-manylinux1_x86_64.whl
Collecting Click==7.0
  Using cached https://files.pythonhosted.org/packages/fa/37/45185cb5abbc30d7257104c434fe0b07e5a195a6847506c074527aa599ec/Click-7.0-py2.py3-none-any.whl
Collecting diffoscope==125
  Using cached https://files.pythonhosted.org/packages/1a/a0/55d41368936fe5ee100bee199638d36be99a7946e57208e698cb8d482eec/diffoscope-125.tar.gz
  Installing build dependencies: started
  Installing build dependencies: finished with status 'done'
  Getting requirements to build wheel: started
  Getting requirements to build wheel: finished with status 'done'
    Preparing wheel metadata: started
    Preparing wheel metadata: finished with status 'done'
Collecting Flask==1.1.1
  Using cached https://files.pythonhosted.org/packages/9b/93/628509b8d5dc749656a9641f4caf13540e2cdec85276964ff8f43bbb1d3b/Flask-1.1.1-py2.py3-none-any.whl
Processing /home/appsec/.cache/pip/wheels/39/10/74/d68194e28d5f7a83de5f66e5b2deff5ccbb424fe45e6b0e927/Flask_Login-0.4.1-py2.py3-none-any.whl
Collecting Flask-SQLAlchemy==2.4.1
  Using cached https://files.pythonhosted.org/packages/1e/65/226d95466c75e34e291a76890ed0e27af2e46ab913002847856f11d4d59d/Flask_SQLAlchemy-2.4.1-py2.py3-none-any.whl
Collecting isort==4.3.4
  Using cached https://files.pythonhosted.org/packages/1f/2c/22eee714d7199ae0464beda6ad5fedec8fee6a2f7ffd1e8f1840928fe318/isort-4.3.4-py3-none-any.whl
Collecting itsdangerous==1.1.0
  Using cached https://files.pythonhosted.org/packages/76/ae/44b03b253d6fade317f32c24d100b3b35c2239807046a4c953c7b89fa49e/itsdangerous-1.1.0-py2.py3-none-any.whl
Collecting Jinja2==2.10.3
  Using cached https://files.pythonhosted.org/packages/65/e0/eb35e762802015cab1ccee04e8a277b03f1d8e53da3ec3106882ec42558b/Jinja2-2.10.3-py2.py3-none-any.whl
Collecting libarchive-c==2.8
  Using cached https://files.pythonhosted.org/packages/47/3f/1b81eb7eb06b6aa9fd7491dc039a67ebad749c55913ee56393fa62f1f9f4/libarchive_c-2.8-py2.py3-none-any.whl
Collecting MarkupSafe==1.1.1
  Using cached https://files.pythonhosted.org/packages/b2/5f/23e0023be6bb885d00ffbefad2942bc51a620328ee910f64abe5a8d18dd1/MarkupSafe-1.1.1-cp36-cp36m-manylinux1_x86_64.whl
Collecting mccabe==0.6.1
  Using cached https://files.pythonhosted.org/packages/87/89/479dc97e18549e21354893e4ee4ef36db1d237534982482c3681ee6e7b57/mccabe-0.6.1-py2.py3-none-any.whl
Collecting nose==1.3.7
  Using cached https://files.pythonhosted.org/packages/15/d8/dd071918c040f50fa1cf80da16423af51ff8ce4a0f2399b7bf8de45ac3d9/nose-1.3.7-py3-none-any.whl
Collecting pycparser==2.19
  Using cached https://files.pythonhosted.org/packages/68/9e/49196946aee219aead1290e00d1e7fdeab8567783e83e1b9ab5585e6206a/pycparser-2.19.tar.gz
Collecting pylint==1.9.3
  Using cached https://files.pythonhosted.org/packages/40/5f/2ba2603512cbf48b2d5fa9c3ed494d61bef84fcf2f7a03e602cd15929727/pylint-1.9.3-py2.py3-none-any.whl
Collecting python-dotenv==0.10.3
  Using cached https://files.pythonhosted.org/packages/57/c8/5b14d5cffe7bb06bedf9d66c4562bf90330d3d35e7f0266928c370d9dd6d/python_dotenv-0.10.3-py2.py3-none-any.whl
Collecting SQLAlchemy==1.3.10
  Using cached https://files.pythonhosted.org/packages/14/0e/487f7fc1e432cec50d2678f94e4133f2b9e9356e35bacc30d73e8cb831fc/SQLAlchemy-1.3.10.tar.gz
Collecting Werkzeug==0.16.0
  Using cached https://files.pythonhosted.org/packages/ce/42/3aeda98f96e85fd26180534d36570e4d18108d62ae36f87694b476b83d6f/Werkzeug-0.16.0-py2.py3-none-any.whl
Collecting wrapt==1.10.11
  Using cached https://files.pythonhosted.org/packages/a0/47/66897906448185fcb77fc3c2b1bc20ed0ecca81a0f2f88eda3fc5a34fc3d/wrapt-1.10.11.tar.gz
Collecting soupsieve>=1.2
  Downloading https://files.pythonhosted.org/packages/5d/42/d821581cf568e9b7dfc5b415aa61952b0f5e3dede4f3cbd650e3a1082992/soupsieve-1.9.4-py2.py3-none-any.whl
Collecting get
  Downloading https://files.pythonhosted.org/packages/3f/ef/bb46f77f7220ac1b7edba0c76d810c89fddb24ddd8c08f337b9b4a618db7/get-2019.4.13.tar.gz
Collecting post
  Downloading https://files.pythonhosted.org/packages/0f/05/bd79da5849ea6a92485ed7029ef97b1b75e55c26bc0ed3a7ec769af666f3/post-2019.4.13.tar.gz
Requirement already satisfied: setuptools in ./.tox/py3.5/lib/python3.6/site-packages (from request->-r requirements.txt (line 2)) (41.4.0)
Collecting certifi>=2017.4.17
  Downloading https://files.pythonhosted.org/packages/18/b0/8146a4f8dd402f60744fa380bc73ca47303cccf8b9190fd16a827281eac2/certifi-2019.9.11-py2.py3-none-any.whl (154kB)
Collecting idna<2.9,>=2.5
  Downloading https://files.pythonhosted.org/packages/14/2c/cd551d81dbe15200be1cf41cd03869a46fe7226e7450af7a6545bfc474c9/idna-2.8-py2.py3-none-any.whl (58kB)
Collecting urllib3!=1.25.0,!=1.25.1,<1.26,>=1.21.1
  Downloading https://files.pythonhosted.org/packages/e0/da/55f51ea951e1b7c63a579c09dd7db825bb730ec1fe9c0180fc77bfb31448/urllib3-1.25.6-py2.py3-none-any.whl (125kB)
Collecting chardet<3.1.0,>=3.0.2
  Downloading https://files.pythonhosted.org/packages/bc/a9/01ffebfb562e4274b6487b4bb1ddec7ca55ec7510b22e4c51f14098443b8/chardet-3.0.4-py2.py3-none-any.whl (133kB)
Collecting six
  Using cached https://files.pythonhosted.org/packages/73/fb/00a976f728d0d1fecfe898238ce23f502a721c0ac0ecfedb80e0d88c64e9/six-1.12.0-py2.py3-none-any.whl
Collecting lazy-object-proxy
  Downloading https://files.pythonhosted.org/packages/0b/dd/b1e3407e9e6913cf178e506cd0dee818e58694d9a5cd1984e3f6a8b9a10f/lazy_object_proxy-1.4.3-cp36-cp36m-manylinux1_x86_64.whl (55kB)
Collecting python-magic
  Downloading https://files.pythonhosted.org/packages/42/a1/76d30c79992e3750dac6790ce16f056f870d368ba142f83f75f694d93001/python_magic-0.4.15-py2.py3-none-any.whl
Collecting query_string
  Downloading https://files.pythonhosted.org/packages/12/3c/412a45daf5bea9b1d06d7de41787ec4168001dfa418db7ec8723356b119f/query-string-2019.4.13.tar.gz
Collecting public
  Downloading https://files.pythonhosted.org/packages/54/4d/b40004cc6c07665e48af22cfe1e631f219bf4282e15fa76a5b6364f6885c/public-2019.4.13.tar.gz
Building wheels for collected packages: diffoscope
  Building wheel for diffoscope (PEP 517): started
  Building wheel for diffoscope (PEP 517): finished with status 'done'
  Created wheel for diffoscope: filename=diffoscope-125-cp36-none-any.whl size=198095 sha256=462841f4f31730973a655cc5b5f6d0cff1e453d30d9f3e2c000e33496b260475
  Stored in directory: /home/appsec/.cache/pip/wheels/f7/02/36/5d7377d5f7fa0e5b400f4853c98c7a4c166f3559a84ca4085d
Successfully built diffoscope
Building wheels for collected packages: request, cairocffi, pycparser, SQLAlchemy, wrapt, get, post, query-string, public
  Building wheel for request (setup.py): started
  Building wheel for request (setup.py): finished with status 'done'
  Created wheel for request: filename=request-2019.4.13-cp36-none-any.whl size=1676 sha256=a4e1f46c3357605d67d6ad92fd6a1bb2d8efa567296b153aaba198b0d565f805
  Stored in directory: /home/appsec/.cache/pip/wheels/30/84/5f/484cfba678967ef58c16fce6890925d5c7172622f20111fbfd
  Building wheel for cairocffi (setup.py): started
  Building wheel for cairocffi (setup.py): finished with status 'done'
  Created wheel for cairocffi: filename=cairocffi-1.1.0-cp36-none-any.whl size=88591 sha256=88747fab10158f0ea537c9b57e7226fac5f8968b9ef7dbd1f9c35be6a2d929d8
  Stored in directory: /home/appsec/.cache/pip/wheels/11/5e/47/167d9dfd5fa5850dd0cd3db80afe6db46e620edec3419dce5a
  Building wheel for pycparser (setup.py): started
  Building wheel for pycparser (setup.py): finished with status 'done'
  Created wheel for pycparser: filename=pycparser-2.19-py2.py3-none-any.whl size=111029 sha256=5ba380672046d5737683a5072bc3d03f35164f067fddc0c10077c21680973ae5
  Stored in directory: /home/appsec/.cache/pip/wheels/f2/9a/90/de94f8556265ddc9d9c8b271b0f63e57b26fb1d67a45564511
  Building wheel for SQLAlchemy (setup.py): started
  Building wheel for SQLAlchemy (setup.py): finished with status 'done'
  Created wheel for SQLAlchemy: filename=SQLAlchemy-1.3.10-cp36-cp36m-linux_x86_64.whl size=1200375 sha256=52020176421baea109407830a1679381a2c93b484df0d9f6c5b2321243b74991
  Stored in directory: /home/appsec/.cache/pip/wheels/4b/b2/89/cd2231ee623987c605f049df55f40a3e4252ef6a15b94836c2
  Building wheel for wrapt (setup.py): started
  Building wheel for wrapt (setup.py): finished with status 'done'
  Created wheel for wrapt: filename=wrapt-1.10.11-cp36-cp36m-linux_x86_64.whl size=65124 sha256=a48891122888127bbe271fa2a661e1400bd8e10f0cafb4411d4b00a1b026bbf4
  Stored in directory: /home/appsec/.cache/pip/wheels/48/5d/04/22361a593e70d23b1f7746d932802efe1f0e523376a74f321e
  Building wheel for get (setup.py): started
  Building wheel for get (setup.py): finished with status 'done'
  Created wheel for get: filename=get-2019.4.13-cp36-none-any.whl size=1692 sha256=20b2bcb2aafc033d1b329db6fbc730c9343f7b1a3d73af5eaa5c9cda2247799a
  Stored in directory: /home/appsec/.cache/pip/wheels/c1/e3/c1/d02c8c58538853e4c9b78cadb74f6d5c5c370b48a69a7271aa
  Building wheel for post (setup.py): started
  Building wheel for post (setup.py): finished with status 'done'
  Created wheel for post: filename=post-2019.4.13-cp36-none-any.whl size=1661 sha256=ead47eb31389141b2e7a3317099d866e86d48a9e2d79b3fe56040269bee098d4
  Stored in directory: /home/appsec/.cache/pip/wheels/c3/c3/24/b5c132b537ab380c02d69e6bd4dec1f5db56b5fe19030473d7
  Building wheel for query-string (setup.py): started
  Building wheel for query-string (setup.py): finished with status 'done'
  Created wheel for query-string: filename=query_string-2019.4.13-cp36-none-any.whl size=2049 sha256=62c2ca9faee0a7194c315b52c0a2013cdd8166f8afeb6373780fe0be180b58f4
  Stored in directory: /home/appsec/.cache/pip/wheels/d6/a4/78/01b20a9dc224dcc009fab669f7f27b943b8889c5150bd68d8a
  Building wheel for public (setup.py): started
  Building wheel for public (setup.py): finished with status 'done'
  Created wheel for public: filename=public-2019.4.13-cp36-none-any.whl size=2536 sha256=2a78ec37af4f6736744335b0607938ab98c1e34a683fcff3c4c19bba5ac3a3a9
  Stored in directory: /home/appsec/.cache/pip/wheels/23/7c/6e/f5b4e09d6596c8b8802b347e48f149031e2363368048f1347a
Successfully built request cairocffi pycparser SQLAlchemy wrapt get post query-string public
Installing collected packages: soupsieve, beautifulsoup4, public, query-string, get, post, request, certifi, idna, urllib3, chardet, requests, six, wrapt, lazy-object-proxy, astroid, pycparser, cffi, cairocffi, Click, libarchive-c, python-magic, diffoscope, itsdangerous, MarkupSafe, Jinja2, Werkzeug, Flask, Flask-Login, SQLAlchemy, Flask-SQLAlchemy, isort, mccabe, nose, pylint, python-dotenv
Successfully installed Click-7.0 Flask-1.1.1 Flask-Login-0.4.1 Flask-SQLAlchemy-2.4.1 Jinja2-2.10.3 MarkupSafe-1.1.1 SQLAlchemy-1.3.10 Werkzeug-0.16.0 astroid-1.6.5 beautifulsoup4-4.8.1 cairocffi-1.1.0 certifi-2019.9.11 cffi-1.12.3 chardet-3.0.4 diffoscope-125 get-2019.4.13 idna-2.8 isort-4.3.4 itsdangerous-1.1.0 lazy-object-proxy-1.4.3 libarchive-c-2.8 mccabe-0.6.1 nose-1.3.7 post-2019.4.13 public-2019.4.13 pycparser-2.19 pylint-1.9.3 python-dotenv-0.10.3 python-magic-0.4.15 query-string-2019.4.13 request-2019.4.13 requests-2.22.0 six-1.12.0 soupsieve-1.9.4 urllib3-1.25.6 wrapt-1.10.11
WARNING: You are using pip version 19.3; however, version 19.3.1 is available.
You should consider upgrading via the 'pip install --upgrade pip' command.
