action: GLOB, msg: packaging
cwd: /home/appsec/Desktop/AppSec2
cmd: /home/appsec/Desktop/AppSec2/venv/bin/python3 setup.py sdist --formats=zip --dist-dir .tox/dist
running sdist
running egg_info
writing Flask_Split.egg-info/PKG-INFO
writing dependency_links to Flask_Split.egg-info/dependency_links.txt
writing requirements to Flask_Split.egg-info/requires.txt
writing top-level names to Flask_Split.egg-info/top_level.txt
reading manifest file 'Flask_Split.egg-info/SOURCES.txt'
writing manifest file 'Flask_Split.egg-info/SOURCES.txt'
warning: sdist: standard file not found: should have one of README, README.rst, README.txt, README.md

running check
creating Flask-Split-0.4.0
creating Flask-Split-0.4.0/Flask_Split.egg-info
creating Flask-Split-0.4.0/app
copying files to Flask-Split-0.4.0...
copying setup.py -> Flask-Split-0.4.0
copying Flask_Split.egg-info/PKG-INFO -> Flask-Split-0.4.0/Flask_Split.egg-info
copying Flask_Split.egg-info/SOURCES.txt -> Flask-Split-0.4.0/Flask_Split.egg-info
copying Flask_Split.egg-info/dependency_links.txt -> Flask-Split-0.4.0/Flask_Split.egg-info
copying Flask_Split.egg-info/not-zip-safe -> Flask-Split-0.4.0/Flask_Split.egg-info
copying Flask_Split.egg-info/requires.txt -> Flask-Split-0.4.0/Flask_Split.egg-info
copying Flask_Split.egg-info/top_level.txt -> Flask-Split-0.4.0/Flask_Split.egg-info
copying app/__init__.py -> Flask-Split-0.4.0/app
copying app/forms.py -> Flask-Split-0.4.0/app
copying app/models.py -> Flask-Split-0.4.0/app
copying app/views.py -> Flask-Split-0.4.0/app
Writing Flask-Split-0.4.0/setup.cfg
creating '.tox/dist/Flask-Split-0.4.0.zip' and adding 'Flask-Split-0.4.0' to it
adding 'Flask-Split-0.4.0'
adding 'Flask-Split-0.4.0/app'
adding 'Flask-Split-0.4.0/Flask_Split.egg-info'
adding 'Flask-Split-0.4.0/setup.cfg'
adding 'Flask-Split-0.4.0/PKG-INFO'
adding 'Flask-Split-0.4.0/setup.py'
adding 'Flask-Split-0.4.0/app/__init__.py'
adding 'Flask-Split-0.4.0/app/forms.py'
adding 'Flask-Split-0.4.0/app/models.py'
adding 'Flask-Split-0.4.0/app/views.py'
adding 'Flask-Split-0.4.0/Flask_Split.egg-info/requires.txt'
adding 'Flask-Split-0.4.0/Flask_Split.egg-info/top_level.txt'
adding 'Flask-Split-0.4.0/Flask_Split.egg-info/SOURCES.txt'
adding 'Flask-Split-0.4.0/Flask_Split.egg-info/PKG-INFO'
adding 'Flask-Split-0.4.0/Flask_Split.egg-info/not-zip-safe'
adding 'Flask-Split-0.4.0/Flask_Split.egg-info/dependency_links.txt'
removing 'Flask-Split-0.4.0' (and everything under it)
